<?xml version="1.0" encoding="UTF-8"?>
<!-- Generated by org.testng.reporters.JUnitReportReporter -->
<testsuite hostname="MrMiks-DESKTOP" failures="0" tests="8" name="runner.TestRunner" time="79.500" errors="0" timestamp="2023-10-30T18:56:03 CST" skipped="0">
  <testcase classname="runner.TestRunner" name="runScenario" time="7.829"/>
  <testcase classname="runner.TestRunner" name="runScenario" time="11.224"/>
  <testcase classname="runner.TestRunner" name="runScenario" time="9.090"/>
  <testcase classname="runner.TestRunner" name="runScenario" time="10.648"/>
  <testcase classname="runner.TestRunner" name="runScenario" time="11.706"/>
  <testcase classname="runner.TestRunner" name="runScenario" time="10.473"/>
  <testcase classname="runner.TestRunner" name="runScenario" time="8.010"/>
  <testcase classname="runner.TestRunner" name="runScenario" time="10.520"/>
</testsuite> <!-- runner.TestRunner -->
