<?xml version="1.0" encoding="UTF-8"?>
<!-- Generated by org.testng.reporters.JUnitReportReporter -->
<testsuite hostname="MrMiks-DESKTOP" failures="0" tests="8" name="runner.TestRunner" time="90.463" errors="0" timestamp="2023-11-03T14:22:57 CST" skipped="0">
  <testcase classname="runner.TestRunner" name="runScenario" time="10.687"/>
  <testcase classname="runner.TestRunner" name="runScenario" time="9.696"/>
  <testcase classname="runner.TestRunner" name="runScenario" time="8.701"/>
  <testcase classname="runner.TestRunner" name="runScenario" time="9.399"/>
  <testcase classname="runner.TestRunner" name="runScenario" time="16.325"/>
  <testcase classname="runner.TestRunner" name="runScenario" time="14.081"/>
  <testcase classname="runner.TestRunner" name="runScenario" time="8.130"/>
  <testcase classname="runner.TestRunner" name="runScenario" time="13.444"/>
</testsuite> <!-- runner.TestRunner -->
