<?xml version="1.0" encoding="UTF-8"?>
<!-- Generated by org.testng.reporters.JUnitReportReporter -->
<testsuite hostname="MrMiks-DESKTOP" failures="0" tests="8" name="runner.TestRunner" time="25.070" errors="8" timestamp="2023-10-30T18:35:41 CST" skipped="0">
  <testcase classname="runner.TestRunner" name="runScenario" time="3.181">
    <error message="Cannot invoke &quot;StepDef.Hooks.getWebDriver()&quot; because &quot;this.hooks&quot; is null" type="java.lang.NullPointerException">
      <![CDATA[java.lang.NullPointerException: Cannot invoke "StepDef.Hooks.getWebDriver()" because "this.hooks" is null
at StepDef.ContactPageStepDef.i_am_on_the_jupiter_toys_contact_page(ContactPageStepDef.java:30)
at ✽.I am on the Jupiter Toys contact page(file:///C:/Users/johnm/eclipse-workspace/Sample_Maven_TestNG/src/test/resources/features/contact.feature:8)
]]>
    </error>
  </testcase> <!-- runScenario -->
  <testcase classname="runner.TestRunner" name="runScenario" time="3.122">
    <error message="Cannot invoke &quot;org.openqa.selenium.WebDriver.get(String)&quot; because &quot;this.driver&quot; is null" type="java.lang.NullPointerException">
      <![CDATA[java.lang.NullPointerException: Cannot invoke "org.openqa.selenium.WebDriver.get(String)" because "this.driver" is null
at StepDef.ShopAndCartStepDef.i_am_on_the_jupiter_toys_shop_page(ShopAndCartStepDef.java:72)
at ✽.I am on the Jupiter Toys shop page(file:///C:/Users/johnm/eclipse-workspace/Sample_Maven_TestNG/src/test/resources/features/Shop.feature:8)
]]>
    </error>
  </testcase> <!-- runScenario -->
  <testcase classname="runner.TestRunner" name="runScenario" time="3.089">
    <error message="Cannot invoke &quot;StepDef.Hooks.getWebDriver()&quot; because &quot;this.hooks&quot; is null" type="java.lang.NullPointerException">
      <![CDATA[java.lang.NullPointerException: Cannot invoke "StepDef.Hooks.getWebDriver()" because "this.hooks" is null
at StepDef.ContactPageStepDef.i_am_on_the_jupiter_toys_contact_page(ContactPageStepDef.java:30)
at ✽.I am on the Jupiter Toys contact page(file:///C:/Users/johnm/eclipse-workspace/Sample_Maven_TestNG/src/test/resources/features/contact.feature:8)
]]>
    </error>
  </testcase> <!-- runScenario -->
  <testcase classname="runner.TestRunner" name="runScenario" time="3.122">
    <error message="Cannot invoke &quot;StepDef.Hooks.getWebDriver()&quot; because &quot;this.hooks&quot; is null" type="java.lang.NullPointerException">
      <![CDATA[java.lang.NullPointerException: Cannot invoke "StepDef.Hooks.getWebDriver()" because "this.hooks" is null
at StepDef.ContactPageStepDef.i_am_on_the_jupiter_toys_contact_page(ContactPageStepDef.java:30)
at ✽.I am on the Jupiter Toys contact page(file:///C:/Users/johnm/eclipse-workspace/Sample_Maven_TestNG/src/test/resources/features/contact.feature:8)
]]>
    </error>
  </testcase> <!-- runScenario -->
  <testcase classname="runner.TestRunner" name="runScenario" time="3.087">
    <error message="Cannot invoke &quot;StepDef.Hooks.getWebDriver()&quot; because &quot;this.hooks&quot; is null" type="java.lang.NullPointerException">
      <![CDATA[java.lang.NullPointerException: Cannot invoke "StepDef.Hooks.getWebDriver()" because "this.hooks" is null
at StepDef.ContactPageStepDef.i_am_on_the_jupiter_toys_contact_page(ContactPageStepDef.java:30)
at ✽.I am on the Jupiter Toys contact page(file:///C:/Users/johnm/eclipse-workspace/Sample_Maven_TestNG/src/test/resources/features/contact.feature:8)
]]>
    </error>
  </testcase> <!-- runScenario -->
  <testcase classname="runner.TestRunner" name="runScenario" time="3.306">
    <error message="Cannot invoke &quot;StepDef.Hooks.getWebDriver()&quot; because &quot;this.hooks&quot; is null" type="java.lang.NullPointerException">
      <![CDATA[java.lang.NullPointerException: Cannot invoke "StepDef.Hooks.getWebDriver()" because "this.hooks" is null
at StepDef.ContactPageStepDef.i_am_on_the_jupiter_toys_contact_page(ContactPageStepDef.java:30)
at ✽.I am on the Jupiter Toys contact page(file:///C:/Users/johnm/eclipse-workspace/Sample_Maven_TestNG/src/test/resources/features/contact.feature:8)
]]>
    </error>
  </testcase> <!-- runScenario -->
  <testcase classname="runner.TestRunner" name="runScenario" time="3.228">
    <error message="Cannot invoke &quot;StepDef.Hooks.getWebDriver()&quot; because &quot;this.hooks&quot; is null" type="java.lang.NullPointerException">
      <![CDATA[java.lang.NullPointerException: Cannot invoke "StepDef.Hooks.getWebDriver()" because "this.hooks" is null
at StepDef.ContactPageStepDef.i_am_on_the_jupiter_toys_contact_page(ContactPageStepDef.java:30)
at ✽.I am on the Jupiter Toys contact page(file:///C:/Users/johnm/eclipse-workspace/Sample_Maven_TestNG/src/test/resources/features/contact.feature:8)
]]>
    </error>
  </testcase> <!-- runScenario -->
  <testcase classname="runner.TestRunner" name="runScenario" time="2.935">
    <error message="Cannot invoke &quot;StepDef.Hooks.getWebDriver()&quot; because &quot;this.hooks&quot; is null" type="java.lang.NullPointerException">
      <![CDATA[java.lang.NullPointerException: Cannot invoke "StepDef.Hooks.getWebDriver()" because "this.hooks" is null
at StepDef.ContactPageStepDef.i_am_on_the_jupiter_toys_contact_page(ContactPageStepDef.java:30)
at ✽.I am on the Jupiter Toys contact page(file:///C:/Users/johnm/eclipse-workspace/Sample_Maven_TestNG/src/test/resources/features/contact.feature:8)
]]>
    </error>
  </testcase> <!-- runScenario -->
</testsuite> <!-- runner.TestRunner -->
