<?xml version="1.0" encoding="UTF-8"?>
<testsuite xmlns:xsi="http://www.w3.org/2001/XMLSchema-instance" xsi:noNamespaceSchemaLocation="https://maven.apache.org/surefire/maven-surefire-plugin/xsd/surefire-test-report-3.0.xsd" version="3.0" name="TestSuite" time="20.579" tests="8" errors="0" skipped="0" failures="0">
  <properties>
    <property name="java.specification.version" value="17"/>
    <property name="sun.cpu.isalist" value="amd64"/>
    <property name="sun.jnu.encoding" value="Cp1252"/>
    <property name="java.class.path" value="C:\Users\johnm\git\repository\CucumberMavenTestNG\target\test-classes;C:\Users\johnm\git\repository\CucumberMavenTestNG\target\classes;C:\Users\johnm\.m2\repository\org\webjars\npm\selenium-webdriver\4.10.0\selenium-webdriver-4.10.0.jar;C:\Users\johnm\.m2\repository\org\webjars\npm\jszip\3.10.1\jszip-3.10.1.jar;C:\Users\johnm\.m2\repository\org\webjars\npm\lie\3.3.0\lie-3.3.0.jar;C:\Users\johnm\.m2\repository\org\webjars\npm\immediate\3.0.6\immediate-3.0.6.jar;C:\Users\johnm\.m2\repository\org\webjars\npm\pako\1.0.11\pako-1.0.11.jar;C:\Users\johnm\.m2\repository\org\webjars\npm\readable-stream\2.3.8\readable-stream-2.3.8.jar;C:\Users\johnm\.m2\repository\org\webjars\npm\inherits\2.0.4\inherits-2.0.4.jar;C:\Users\johnm\.m2\repository\org\webjars\npm\core-util-is\1.0.3\core-util-is-1.0.3.jar;C:\Users\johnm\.m2\repository\org\webjars\npm\safe-buffer\5.1.2\safe-buffer-5.1.2.jar;C:\Users\johnm\.m2\repository\org\webjars\npm\util-deprecate\1.0.2\util-deprecate-1.0.2.jar;C:\Users\johnm\.m2\repository\org\webjars\npm\isarray\1.0.0\isarray-1.0.0.jar;C:\Users\johnm\.m2\repository\org\webjars\npm\string_decoder\1.1.1\string_decoder-1.1.1.jar;C:\Users\johnm\.m2\repository\org\webjars\npm\process-nextick-args\2.0.1\process-nextick-args-2.0.1.jar;C:\Users\johnm\.m2\repository\org\webjars\npm\setimmediate\1.0.5\setimmediate-1.0.5.jar;C:\Users\johnm\.m2\repository\org\webjars\npm\tmp\0.2.1\tmp-0.2.1.jar;C:\Users\johnm\.m2\repository\org\webjars\npm\rimraf\3.0.2\rimraf-3.0.2.jar;C:\Users\johnm\.m2\repository\org\webjars\npm\glob\7.2.3\glob-7.2.3.jar;C:\Users\johnm\.m2\repository\org\webjars\npm\once\1.4.0\once-1.4.0.jar;C:\Users\johnm\.m2\repository\org\webjars\npm\wrappy\1.0.2\wrappy-1.0.2.jar;C:\Users\johnm\.m2\repository\org\webjars\npm\fs.realpath\1.0.0\fs.realpath-1.0.0.jar;C:\Users\johnm\.m2\repository\org\webjars\npm\inflight\1.0.6\inflight-1.0.6.jar;C:\Users\johnm\.m2\repository\org\webjars\npm\path-is-absolute\1.0.1\path-is-absolute-1.0.1.jar;C:\Users\johnm\.m2\repository\org\webjars\npm\minimatch\3.1.2\minimatch-3.1.2.jar;C:\Users\johnm\.m2\repository\org\webjars\npm\brace-expansion\1.1.11\brace-expansion-1.1.11.jar;C:\Users\johnm\.m2\repository\org\webjars\npm\balanced-match\1.0.2\balanced-match-1.0.2.jar;C:\Users\johnm\.m2\repository\org\webjars\npm\concat-map\0.0.1\concat-map-0.0.1.jar;C:\Users\johnm\.m2\repository\org\webjars\npm\ws\8.13.0\ws-8.13.0.jar;C:\Users\johnm\.m2\repository\org\seleniumhq\selenium\selenium-java\4.12.1\selenium-java-4.12.1.jar;C:\Users\johnm\.m2\repository\org\seleniumhq\selenium\selenium-api\4.12.1\selenium-api-4.12.1.jar;C:\Users\johnm\.m2\repository\org\seleniumhq\selenium\selenium-chrome-driver\4.12.1\selenium-chrome-driver-4.12.1.jar;C:\Users\johnm\.m2\repository\com\google\auto\service\auto-service-annotations\1.1.1\auto-service-annotations-1.1.1.jar;C:\Users\johnm\.m2\repository\com\google\guava\guava\32.1.2-jre\guava-32.1.2-jre.jar;C:\Users\johnm\.m2\repository\com\google\guava\failureaccess\1.0.1\failureaccess-1.0.1.jar;C:\Users\johnm\.m2\repository\com\google\guava\listenablefuture\9999.0-empty-to-avoid-conflict-with-guava\listenablefuture-9999.0-empty-to-avoid-conflict-with-guava.jar;C:\Users\johnm\.m2\repository\com\google\code\findbugs\jsr305\3.0.2\jsr305-3.0.2.jar;C:\Users\johnm\.m2\repository\org\checkerframework\checker-qual\3.33.0\checker-qual-3.33.0.jar;C:\Users\johnm\.m2\repository\com\google\errorprone\error_prone_annotations\2.18.0\error_prone_annotations-2.18.0.jar;C:\Users\johnm\.m2\repository\com\google\j2objc\j2objc-annotations\2.8\j2objc-annotations-2.8.jar;C:\Users\johnm\.m2\repository\org\seleniumhq\selenium\selenium-chromium-driver\4.12.1\selenium-chromium-driver-4.12.1.jar;C:\Users\johnm\.m2\repository\org\seleniumhq\selenium\selenium-json\4.12.1\selenium-json-4.12.1.jar;C:\Users\johnm\.m2\repository\org\seleniumhq\selenium\selenium-manager\4.12.1\selenium-manager-4.12.1.jar;C:\Users\johnm\.m2\repository\org\seleniumhq\selenium\selenium-devtools-v114\4.12.1\selenium-devtools-v114-4.12.1.jar;C:\Users\johnm\.m2\repository\org\seleniumhq\selenium\selenium-devtools-v115\4.12.1\selenium-devtools-v115-4.12.1.jar;C:\Users\johnm\.m2\repository\org\seleniumhq\selenium\selenium-devtools-v116\4.12.1\selenium-devtools-v116-4.12.1.jar;C:\Users\johnm\.m2\repository\org\seleniumhq\selenium\selenium-devtools-v85\4.12.1\selenium-devtools-v85-4.12.1.jar;C:\Users\johnm\.m2\repository\org\seleniumhq\selenium\selenium-edge-driver\4.12.1\selenium-edge-driver-4.12.1.jar;C:\Users\johnm\.m2\repository\org\seleniumhq\selenium\selenium-firefox-driver\4.12.1\selenium-firefox-driver-4.12.1.jar;C:\Users\johnm\.m2\repository\org\seleniumhq\selenium\selenium-http\4.12.1\selenium-http-4.12.1.jar;C:\Users\johnm\.m2\repository\dev\failsafe\failsafe\3.3.2\failsafe-3.3.2.jar;C:\Users\johnm\.m2\repository\org\seleniumhq\selenium\selenium-ie-driver\4.12.1\selenium-ie-driver-4.12.1.jar;C:\Users\johnm\.m2\repository\org\seleniumhq\selenium\selenium-remote-driver\4.12.1\selenium-remote-driver-4.12.1.jar;C:\Users\johnm\.m2\repository\io\netty\netty-buffer\4.1.96.Final\netty-buffer-4.1.96.Final.jar;C:\Users\johnm\.m2\repository\io\netty\netty-codec-http\4.1.96.Final\netty-codec-http-4.1.96.Final.jar;C:\Users\johnm\.m2\repository\io\netty\netty-codec\4.1.96.Final\netty-codec-4.1.96.Final.jar;C:\Users\johnm\.m2\repository\io\netty\netty-handler\4.1.96.Final\netty-handler-4.1.96.Final.jar;C:\Users\johnm\.m2\repository\io\netty\netty-common\4.1.96.Final\netty-common-4.1.96.Final.jar;C:\Users\johnm\.m2\repository\io\netty\netty-transport-classes-epoll\4.1.96.Final\netty-transport-classes-epoll-4.1.96.Final.jar;C:\Users\johnm\.m2\repository\io\netty\netty-transport-classes-kqueue\4.1.96.Final\netty-transport-classes-kqueue-4.1.96.Final.jar;C:\Users\johnm\.m2\repository\io\netty\netty-transport-native-epoll\4.1.96.Final\netty-transport-native-epoll-4.1.96.Final.jar;C:\Users\johnm\.m2\repository\io\netty\netty-transport-native-kqueue\4.1.96.Final\netty-transport-native-kqueue-4.1.96.Final.jar;C:\Users\johnm\.m2\repository\io\netty\netty-transport-native-unix-common\4.1.96.Final\netty-transport-native-unix-common-4.1.96.Final.jar;C:\Users\johnm\.m2\repository\io\netty\netty-transport\4.1.96.Final\netty-transport-4.1.96.Final.jar;C:\Users\johnm\.m2\repository\io\netty\netty-resolver\4.1.96.Final\netty-resolver-4.1.96.Final.jar;C:\Users\johnm\.m2\repository\io\opentelemetry\opentelemetry-api\1.28.0\opentelemetry-api-1.28.0.jar;C:\Users\johnm\.m2\repository\io\opentelemetry\opentelemetry-context\1.28.0\opentelemetry-context-1.28.0.jar;C:\Users\johnm\.m2\repository\io\opentelemetry\opentelemetry-exporter-logging\1.28.0\opentelemetry-exporter-logging-1.28.0.jar;C:\Users\johnm\.m2\repository\io\opentelemetry\opentelemetry-sdk-metrics\1.28.0\opentelemetry-sdk-metrics-1.28.0.jar;C:\Users\johnm\.m2\repository\io\opentelemetry\opentelemetry-extension-incubator\1.28.0-alpha\opentelemetry-extension-incubator-1.28.0-alpha.jar;C:\Users\johnm\.m2\repository\io\opentelemetry\opentelemetry-sdk-logs\1.28.0\opentelemetry-sdk-logs-1.28.0.jar;C:\Users\johnm\.m2\repository\io\opentelemetry\opentelemetry-sdk-common\1.28.0\opentelemetry-sdk-common-1.28.0.jar;C:\Users\johnm\.m2\repository\io\opentelemetry\opentelemetry-sdk-extension-autoconfigure-spi\1.28.0\opentelemetry-sdk-extension-autoconfigure-spi-1.28.0.jar;C:\Users\johnm\.m2\repository\io\opentelemetry\opentelemetry-sdk-extension-autoconfigure\1.28.0\opentelemetry-sdk-extension-autoconfigure-1.28.0.jar;C:\Users\johnm\.m2\repository\io\opentelemetry\opentelemetry-api-events\1.28.0-alpha\opentelemetry-api-events-1.28.0-alpha.jar;C:\Users\johnm\.m2\repository\io\opentelemetry\opentelemetry-sdk-trace\1.28.0\opentelemetry-sdk-trace-1.28.0.jar;C:\Users\johnm\.m2\repository\io\opentelemetry\opentelemetry-sdk\1.28.0\opentelemetry-sdk-1.28.0.jar;C:\Users\johnm\.m2\repository\io\opentelemetry\opentelemetry-semconv\1.28.0-alpha\opentelemetry-semconv-1.28.0-alpha.jar;C:\Users\johnm\.m2\repository\net\bytebuddy\byte-buddy\1.14.5\byte-buddy-1.14.5.jar;C:\Users\johnm\.m2\repository\org\asynchttpclient\async-http-client\2.12.3\async-http-client-2.12.3.jar;C:\Users\johnm\.m2\repository\org\asynchttpclient\async-http-client-netty-utils\2.12.3\async-http-client-netty-utils-2.12.3.jar;C:\Users\johnm\.m2\repository\io\netty\netty-codec-socks\4.1.60.Final\netty-codec-socks-4.1.60.Final.jar;C:\Users\johnm\.m2\repository\io\netty\netty-handler-proxy\4.1.60.Final\netty-handler-proxy-4.1.60.Final.jar;C:\Users\johnm\.m2\repository\io\netty\netty-transport-native-epoll\4.1.60.Final\netty-transport-native-epoll-4.1.60.Final-linux-x86_64.jar;C:\Users\johnm\.m2\repository\io\netty\netty-transport-native-kqueue\4.1.60.Final\netty-transport-native-kqueue-4.1.60.Final-osx-x86_64.jar;C:\Users\johnm\.m2\repository\com\typesafe\netty\netty-reactive-streams\2.0.4\netty-reactive-streams-2.0.4.jar;C:\Users\johnm\.m2\repository\com\sun\activation\jakarta.activation\1.2.2\jakarta.activation-1.2.2.jar;C:\Users\johnm\.m2\repository\org\seleniumhq\selenium\selenium-os\4.12.1\selenium-os-4.12.1.jar;C:\Users\johnm\.m2\repository\org\apache\commons\commons-exec\1.3\commons-exec-1.3.jar;C:\Users\johnm\.m2\repository\org\seleniumhq\selenium\selenium-safari-driver\4.12.1\selenium-safari-driver-4.12.1.jar;C:\Users\johnm\.m2\repository\org\seleniumhq\selenium\selenium-support\4.12.1\selenium-support-4.12.1.jar;C:\Users\johnm\.m2\repository\io\cucumber\cucumber-java\7.14.0\cucumber-java-7.14.0.jar;C:\Users\johnm\.m2\repository\io\cucumber\cucumber-core\7.14.0\cucumber-core-7.14.0.jar;C:\Users\johnm\.m2\repository\io\cucumber\cucumber-gherkin\7.14.0\cucumber-gherkin-7.14.0.jar;C:\Users\johnm\.m2\repository\io\cucumber\cucumber-gherkin-messages\7.14.0\cucumber-gherkin-messages-7.14.0.jar;C:\Users\johnm\.m2\repository\io\cucumber\gherkin\26.2.0\gherkin-26.2.0.jar;C:\Users\johnm\.m2\repository\io\cucumber\messages\22.0.0\messages-22.0.0.jar;C:\Users\johnm\.m2\repository\io\cucumber\tag-expressions\5.0.6\tag-expressions-5.0.6.jar;C:\Users\johnm\.m2\repository\io\cucumber\cucumber-expressions\16.1.2\cucumber-expressions-16.1.2.jar;C:\Users\johnm\.m2\repository\io\cucumber\datatable\7.14.0\datatable-7.14.0.jar;C:\Users\johnm\.m2\repository\io\cucumber\cucumber-plugin\7.14.0\cucumber-plugin-7.14.0.jar;C:\Users\johnm\.m2\repository\io\cucumber\docstring\7.14.0\docstring-7.14.0.jar;C:\Users\johnm\.m2\repository\io\cucumber\html-formatter\20.4.0\html-formatter-20.4.0.jar;C:\Users\johnm\.m2\repository\io\cucumber\junit-xml-formatter\0.2.0\junit-xml-formatter-0.2.0.jar;C:\Users\johnm\.m2\repository\io\cucumber\ci-environment\9.2.0\ci-environment-9.2.0.jar;C:\Users\johnm\.m2\repository\org\apiguardian\apiguardian-api\1.1.2\apiguardian-api-1.1.2.jar;C:\Users\johnm\.m2\repository\io\cucumber\cucumber-testng\7.14.0\cucumber-testng-7.14.0.jar;C:\Users\johnm\.m2\repository\org\testng\testng\7.8.0\testng-7.8.0.jar;C:\Users\johnm\.m2\repository\org\slf4j\slf4j-api\1.7.36\slf4j-api-1.7.36.jar;C:\Users\johnm\.m2\repository\com\beust\jcommander\1.82\jcommander-1.82.jar;C:\Users\johnm\.m2\repository\org\webjars\jquery\3.6.1\jquery-3.6.1.jar;C:\Users\johnm\.m2\repository\com\aventstack\extentreports\5.1.1\extentreports-5.1.1.jar;C:\Users\johnm\.m2\repository\io\reactivex\rxjava3\rxjava\3.1.6\rxjava-3.1.6.jar;C:\Users\johnm\.m2\repository\org\reactivestreams\reactive-streams\1.0.4\reactive-streams-1.0.4.jar;C:\Users\johnm\.m2\repository\org\freemarker\freemarker\2.3.32\freemarker-2.3.32.jar;C:\Users\johnm\.m2\repository\org\projectlombok\lombok\1.18.26\lombok-1.18.26.jar;C:\Users\johnm\.m2\repository\com\google\code\gson\gson\2.10.1\gson-2.10.1.jar;C:\Users\johnm\.m2\repository\tech\grasshopper\extentreports-cucumber7-adapter\1.14.0\extentreports-cucumber7-adapter-1.14.0.jar;C:\Users\johnm\.m2\repository\tech\grasshopper\extent-pdf-report\2.12.0\extent-pdf-report-2.12.0.jar;C:\Users\johnm\.m2\repository\tech\grasshopper\cucumber-pdf-report\2.14.0\cucumber-pdf-report-2.14.0.jar;C:\Users\johnm\.m2\repository\org\apache\pdfbox\pdfbox\2.0.26\pdfbox-2.0.26.jar;C:\Users\johnm\.m2\repository\org\apache\pdfbox\fontbox\2.0.26\fontbox-2.0.26.jar;C:\Users\johnm\.m2\repository\org\knowm\xchart\xchart\3.8.0\xchart-3.8.0.jar;C:\Users\johnm\.m2\repository\de\erichseifert\vectorgraphics2d\VectorGraphics2D\0.13\VectorGraphics2D-0.13.jar;C:\Users\johnm\.m2\repository\de\rototor\pdfbox\graphics2d\0.30\graphics2d-0.30.jar;C:\Users\johnm\.m2\repository\com\madgag\animated-gif-lib\1.4\animated-gif-lib-1.4.jar;C:\Users\johnm\.m2\repository\org\yaml\snakeyaml\2.0\snakeyaml-2.0.jar;C:\Users\johnm\.m2\repository\tech\grasshopper\table-layout\1.5.1\table-layout-1.5.1.jar;C:\Users\johnm\.m2\repository\tech\grasshopper\rest-assured-cucumber-pdf-report\1.5.0\rest-assured-cucumber-pdf-report-1.5.0.jar;C:\Users\johnm\.m2\repository\org\jsoup\jsoup\1.15.3\jsoup-1.15.3.jar;C:\Users\johnm\.m2\repository\com\aventstack\klov-reporter\5.1.0\klov-reporter-5.1.0.jar;C:\Users\johnm\.m2\repository\org\mongodb\mongodb-driver\3.6.4\mongodb-driver-3.6.4.jar;C:\Users\johnm\.m2\repository\org\mongodb\mongodb-driver-core\3.6.4\mongodb-driver-core-3.6.4.jar;C:\Users\johnm\.m2\repository\org\mongodb\bson\3.6.4\bson-3.6.4.jar;C:\Users\johnm\.m2\repository\org\apache\httpcomponents\httpclient\4.5.13\httpclient-4.5.13.jar;C:\Users\johnm\.m2\repository\org\apache\httpcomponents\httpcore\4.4.13\httpcore-4.4.13.jar;C:\Users\johnm\.m2\repository\commons-logging\commons-logging\1.2\commons-logging-1.2.jar;C:\Users\johnm\.m2\repository\commons-codec\commons-codec\1.11\commons-codec-1.11.jar;C:\Users\johnm\.m2\repository\org\apache\httpcomponents\httpmime\4.5.13\httpmime-4.5.13.jar;C:\Users\johnm\.m2\repository\tech\grasshopper\htmlextentreporter\1.1.0\htmlextentreporter-1.1.0.jar;C:\Users\johnm\.m2\repository\tech\grasshopper\extent-excel-report\1.4.0\extent-excel-report-1.4.0.jar;C:\Users\johnm\.m2\repository\org\apache\poi\poi\5.2.3\poi-5.2.3.jar;C:\Users\johnm\.m2\repository\org\apache\commons\commons-collections4\4.4\commons-collections4-4.4.jar;C:\Users\johnm\.m2\repository\org\apache\commons\commons-math3\3.6.1\commons-math3-3.6.1.jar;C:\Users\johnm\.m2\repository\com\zaxxer\SparseBitSet\1.2\SparseBitSet-1.2.jar;C:\Users\johnm\.m2\repository\org\apache\logging\log4j\log4j-api\2.18.0\log4j-api-2.18.0.jar;C:\Users\johnm\.m2\repository\org\apache\poi\poi-ooxml\5.2.3\poi-ooxml-5.2.3.jar;C:\Users\johnm\.m2\repository\org\apache\poi\poi-ooxml-lite\5.2.3\poi-ooxml-lite-5.2.3.jar;C:\Users\johnm\.m2\repository\org\apache\xmlbeans\xmlbeans\5.1.1\xmlbeans-5.1.1.jar;C:\Users\johnm\.m2\repository\org\apache\commons\commons-compress\1.21\commons-compress-1.21.jar;C:\Users\johnm\.m2\repository\com\github\virtuald\curvesapi\1.07\curvesapi-1.07.jar;C:\Users\johnm\.m2\repository\io\cucumber\cucumber-picocontainer\7.14.0\cucumber-picocontainer-7.14.0.jar;C:\Users\johnm\.m2\repository\org\picocontainer\picocontainer\2.15\picocontainer-2.15.jar;C:\Users\johnm\.m2\repository\commons-io\commons-io\2.6\commons-io-2.6.jar;"/>
    <property name="java.vm.vendor" value="Eclipse Adoptium"/>
    <property name="sun.arch.data.model" value="64"/>
    <property name="user.variant" value=""/>
    <property name="java.vendor.url" value="https://adoptium.net/"/>
    <property name="user.timezone" value="Asia/Shanghai"/>
    <property name="os.name" value="Windows 11"/>
    <property name="java.vm.specification.version" value="17"/>
    <property name="sun.java.launcher" value="SUN_STANDARD"/>
    <property name="user.country" value="US"/>
    <property name="sun.boot.library.path" value="C:\Users\johnm\.p2\pool\plugins\org.eclipse.justj.openjdk.hotspot.jre.full.win32.x86_64_17.0.8.v20230831-1047\jre\bin"/>
    <property name="sun.java.command" value="C:\Users\johnm\AppData\Local\Temp\surefire10712707849181074316\surefirebooter-20231103142236335_3.jar C:\Users\johnm\AppData\Local\Temp\surefire10712707849181074316 2023-11-03T14-22-36_233-jvmRun1 surefire-20231103142236335_1tmp surefire_0-20231103142236335_2tmp"/>
    <property name="jdk.debug" value="release"/>
    <property name="surefire.test.class.path" value="C:\Users\johnm\git\repository\CucumberMavenTestNG\target\test-classes;C:\Users\johnm\git\repository\CucumberMavenTestNG\target\classes;C:\Users\johnm\.m2\repository\org\webjars\npm\selenium-webdriver\4.10.0\selenium-webdriver-4.10.0.jar;C:\Users\johnm\.m2\repository\org\webjars\npm\jszip\3.10.1\jszip-3.10.1.jar;C:\Users\johnm\.m2\repository\org\webjars\npm\lie\3.3.0\lie-3.3.0.jar;C:\Users\johnm\.m2\repository\org\webjars\npm\immediate\3.0.6\immediate-3.0.6.jar;C:\Users\johnm\.m2\repository\org\webjars\npm\pako\1.0.11\pako-1.0.11.jar;C:\Users\johnm\.m2\repository\org\webjars\npm\readable-stream\2.3.8\readable-stream-2.3.8.jar;C:\Users\johnm\.m2\repository\org\webjars\npm\inherits\2.0.4\inherits-2.0.4.jar;C:\Users\johnm\.m2\repository\org\webjars\npm\core-util-is\1.0.3\core-util-is-1.0.3.jar;C:\Users\johnm\.m2\repository\org\webjars\npm\safe-buffer\5.1.2\safe-buffer-5.1.2.jar;C:\Users\johnm\.m2\repository\org\webjars\npm\util-deprecate\1.0.2\util-deprecate-1.0.2.jar;C:\Users\johnm\.m2\repository\org\webjars\npm\isarray\1.0.0\isarray-1.0.0.jar;C:\Users\johnm\.m2\repository\org\webjars\npm\string_decoder\1.1.1\string_decoder-1.1.1.jar;C:\Users\johnm\.m2\repository\org\webjars\npm\process-nextick-args\2.0.1\process-nextick-args-2.0.1.jar;C:\Users\johnm\.m2\repository\org\webjars\npm\setimmediate\1.0.5\setimmediate-1.0.5.jar;C:\Users\johnm\.m2\repository\org\webjars\npm\tmp\0.2.1\tmp-0.2.1.jar;C:\Users\johnm\.m2\repository\org\webjars\npm\rimraf\3.0.2\rimraf-3.0.2.jar;C:\Users\johnm\.m2\repository\org\webjars\npm\glob\7.2.3\glob-7.2.3.jar;C:\Users\johnm\.m2\repository\org\webjars\npm\once\1.4.0\once-1.4.0.jar;C:\Users\johnm\.m2\repository\org\webjars\npm\wrappy\1.0.2\wrappy-1.0.2.jar;C:\Users\johnm\.m2\repository\org\webjars\npm\fs.realpath\1.0.0\fs.realpath-1.0.0.jar;C:\Users\johnm\.m2\repository\org\webjars\npm\inflight\1.0.6\inflight-1.0.6.jar;C:\Users\johnm\.m2\repository\org\webjars\npm\path-is-absolute\1.0.1\path-is-absolute-1.0.1.jar;C:\Users\johnm\.m2\repository\org\webjars\npm\minimatch\3.1.2\minimatch-3.1.2.jar;C:\Users\johnm\.m2\repository\org\webjars\npm\brace-expansion\1.1.11\brace-expansion-1.1.11.jar;C:\Users\johnm\.m2\repository\org\webjars\npm\balanced-match\1.0.2\balanced-match-1.0.2.jar;C:\Users\johnm\.m2\repository\org\webjars\npm\concat-map\0.0.1\concat-map-0.0.1.jar;C:\Users\johnm\.m2\repository\org\webjars\npm\ws\8.13.0\ws-8.13.0.jar;C:\Users\johnm\.m2\repository\org\seleniumhq\selenium\selenium-java\4.12.1\selenium-java-4.12.1.jar;C:\Users\johnm\.m2\repository\org\seleniumhq\selenium\selenium-api\4.12.1\selenium-api-4.12.1.jar;C:\Users\johnm\.m2\repository\org\seleniumhq\selenium\selenium-chrome-driver\4.12.1\selenium-chrome-driver-4.12.1.jar;C:\Users\johnm\.m2\repository\com\google\auto\service\auto-service-annotations\1.1.1\auto-service-annotations-1.1.1.jar;C:\Users\johnm\.m2\repository\com\google\guava\guava\32.1.2-jre\guava-32.1.2-jre.jar;C:\Users\johnm\.m2\repository\com\google\guava\failureaccess\1.0.1\failureaccess-1.0.1.jar;C:\Users\johnm\.m2\repository\com\google\guava\listenablefuture\9999.0-empty-to-avoid-conflict-with-guava\listenablefuture-9999.0-empty-to-avoid-conflict-with-guava.jar;C:\Users\johnm\.m2\repository\com\google\code\findbugs\jsr305\3.0.2\jsr305-3.0.2.jar;C:\Users\johnm\.m2\repository\org\checkerframework\checker-qual\3.33.0\checker-qual-3.33.0.jar;C:\Users\johnm\.m2\repository\com\google\errorprone\error_prone_annotations\2.18.0\error_prone_annotations-2.18.0.jar;C:\Users\johnm\.m2\repository\com\google\j2objc\j2objc-annotations\2.8\j2objc-annotations-2.8.jar;C:\Users\johnm\.m2\repository\org\seleniumhq\selenium\selenium-chromium-driver\4.12.1\selenium-chromium-driver-4.12.1.jar;C:\Users\johnm\.m2\repository\org\seleniumhq\selenium\selenium-json\4.12.1\selenium-json-4.12.1.jar;C:\Users\johnm\.m2\repository\org\seleniumhq\selenium\selenium-manager\4.12.1\selenium-manager-4.12.1.jar;C:\Users\johnm\.m2\repository\org\seleniumhq\selenium\selenium-devtools-v114\4.12.1\selenium-devtools-v114-4.12.1.jar;C:\Users\johnm\.m2\repository\org\seleniumhq\selenium\selenium-devtools-v115\4.12.1\selenium-devtools-v115-4.12.1.jar;C:\Users\johnm\.m2\repository\org\seleniumhq\selenium\selenium-devtools-v116\4.12.1\selenium-devtools-v116-4.12.1.jar;C:\Users\johnm\.m2\repository\org\seleniumhq\selenium\selenium-devtools-v85\4.12.1\selenium-devtools-v85-4.12.1.jar;C:\Users\johnm\.m2\repository\org\seleniumhq\selenium\selenium-edge-driver\4.12.1\selenium-edge-driver-4.12.1.jar;C:\Users\johnm\.m2\repository\org\seleniumhq\selenium\selenium-firefox-driver\4.12.1\selenium-firefox-driver-4.12.1.jar;C:\Users\johnm\.m2\repository\org\seleniumhq\selenium\selenium-http\4.12.1\selenium-http-4.12.1.jar;C:\Users\johnm\.m2\repository\dev\failsafe\failsafe\3.3.2\failsafe-3.3.2.jar;C:\Users\johnm\.m2\repository\org\seleniumhq\selenium\selenium-ie-driver\4.12.1\selenium-ie-driver-4.12.1.jar;C:\Users\johnm\.m2\repository\org\seleniumhq\selenium\selenium-remote-driver\4.12.1\selenium-remote-driver-4.12.1.jar;C:\Users\johnm\.m2\repository\io\netty\netty-buffer\4.1.96.Final\netty-buffer-4.1.96.Final.jar;C:\Users\johnm\.m2\repository\io\netty\netty-codec-http\4.1.96.Final\netty-codec-http-4.1.96.Final.jar;C:\Users\johnm\.m2\repository\io\netty\netty-codec\4.1.96.Final\netty-codec-4.1.96.Final.jar;C:\Users\johnm\.m2\repository\io\netty\netty-handler\4.1.96.Final\netty-handler-4.1.96.Final.jar;C:\Users\johnm\.m2\repository\io\netty\netty-common\4.1.96.Final\netty-common-4.1.96.Final.jar;C:\Users\johnm\.m2\repository\io\netty\netty-transport-classes-epoll\4.1.96.Final\netty-transport-classes-epoll-4.1.96.Final.jar;C:\Users\johnm\.m2\repository\io\netty\netty-transport-classes-kqueue\4.1.96.Final\netty-transport-classes-kqueue-4.1.96.Final.jar;C:\Users\johnm\.m2\repository\io\netty\netty-transport-native-epoll\4.1.96.Final\netty-transport-native-epoll-4.1.96.Final.jar;C:\Users\johnm\.m2\repository\io\netty\netty-transport-native-kqueue\4.1.96.Final\netty-transport-native-kqueue-4.1.96.Final.jar;C:\Users\johnm\.m2\repository\io\netty\netty-transport-native-unix-common\4.1.96.Final\netty-transport-native-unix-common-4.1.96.Final.jar;C:\Users\johnm\.m2\repository\io\netty\netty-transport\4.1.96.Final\netty-transport-4.1.96.Final.jar;C:\Users\johnm\.m2\repository\io\netty\netty-resolver\4.1.96.Final\netty-resolver-4.1.96.Final.jar;C:\Users\johnm\.m2\repository\io\opentelemetry\opentelemetry-api\1.28.0\opentelemetry-api-1.28.0.jar;C:\Users\johnm\.m2\repository\io\opentelemetry\opentelemetry-context\1.28.0\opentelemetry-context-1.28.0.jar;C:\Users\johnm\.m2\repository\io\opentelemetry\opentelemetry-exporter-logging\1.28.0\opentelemetry-exporter-logging-1.28.0.jar;C:\Users\johnm\.m2\repository\io\opentelemetry\opentelemetry-sdk-metrics\1.28.0\opentelemetry-sdk-metrics-1.28.0.jar;C:\Users\johnm\.m2\repository\io\opentelemetry\opentelemetry-extension-incubator\1.28.0-alpha\opentelemetry-extension-incubator-1.28.0-alpha.jar;C:\Users\johnm\.m2\repository\io\opentelemetry\opentelemetry-sdk-logs\1.28.0\opentelemetry-sdk-logs-1.28.0.jar;C:\Users\johnm\.m2\repository\io\opentelemetry\opentelemetry-sdk-common\1.28.0\opentelemetry-sdk-common-1.28.0.jar;C:\Users\johnm\.m2\repository\io\opentelemetry\opentelemetry-sdk-extension-autoconfigure-spi\1.28.0\opentelemetry-sdk-extension-autoconfigure-spi-1.28.0.jar;C:\Users\johnm\.m2\repository\io\opentelemetry\opentelemetry-sdk-extension-autoconfigure\1.28.0\opentelemetry-sdk-extension-autoconfigure-1.28.0.jar;C:\Users\johnm\.m2\repository\io\opentelemetry\opentelemetry-api-events\1.28.0-alpha\opentelemetry-api-events-1.28.0-alpha.jar;C:\Users\johnm\.m2\repository\io\opentelemetry\opentelemetry-sdk-trace\1.28.0\opentelemetry-sdk-trace-1.28.0.jar;C:\Users\johnm\.m2\repository\io\opentelemetry\opentelemetry-sdk\1.28.0\opentelemetry-sdk-1.28.0.jar;C:\Users\johnm\.m2\repository\io\opentelemetry\opentelemetry-semconv\1.28.0-alpha\opentelemetry-semconv-1.28.0-alpha.jar;C:\Users\johnm\.m2\repository\net\bytebuddy\byte-buddy\1.14.5\byte-buddy-1.14.5.jar;C:\Users\johnm\.m2\repository\org\asynchttpclient\async-http-client\2.12.3\async-http-client-2.12.3.jar;C:\Users\johnm\.m2\repository\org\asynchttpclient\async-http-client-netty-utils\2.12.3\async-http-client-netty-utils-2.12.3.jar;C:\Users\johnm\.m2\repository\io\netty\netty-codec-socks\4.1.60.Final\netty-codec-socks-4.1.60.Final.jar;C:\Users\johnm\.m2\repository\io\netty\netty-handler-proxy\4.1.60.Final\netty-handler-proxy-4.1.60.Final.jar;C:\Users\johnm\.m2\repository\io\netty\netty-transport-native-epoll\4.1.60.Final\netty-transport-native-epoll-4.1.60.Final-linux-x86_64.jar;C:\Users\johnm\.m2\repository\io\netty\netty-transport-native-kqueue\4.1.60.Final\netty-transport-native-kqueue-4.1.60.Final-osx-x86_64.jar;C:\Users\johnm\.m2\repository\com\typesafe\netty\netty-reactive-streams\2.0.4\netty-reactive-streams-2.0.4.jar;C:\Users\johnm\.m2\repository\com\sun\activation\jakarta.activation\1.2.2\jakarta.activation-1.2.2.jar;C:\Users\johnm\.m2\repository\org\seleniumhq\selenium\selenium-os\4.12.1\selenium-os-4.12.1.jar;C:\Users\johnm\.m2\repository\org\apache\commons\commons-exec\1.3\commons-exec-1.3.jar;C:\Users\johnm\.m2\repository\org\seleniumhq\selenium\selenium-safari-driver\4.12.1\selenium-safari-driver-4.12.1.jar;C:\Users\johnm\.m2\repository\org\seleniumhq\selenium\selenium-support\4.12.1\selenium-support-4.12.1.jar;C:\Users\johnm\.m2\repository\io\cucumber\cucumber-java\7.14.0\cucumber-java-7.14.0.jar;C:\Users\johnm\.m2\repository\io\cucumber\cucumber-core\7.14.0\cucumber-core-7.14.0.jar;C:\Users\johnm\.m2\repository\io\cucumber\cucumber-gherkin\7.14.0\cucumber-gherkin-7.14.0.jar;C:\Users\johnm\.m2\repository\io\cucumber\cucumber-gherkin-messages\7.14.0\cucumber-gherkin-messages-7.14.0.jar;C:\Users\johnm\.m2\repository\io\cucumber\gherkin\26.2.0\gherkin-26.2.0.jar;C:\Users\johnm\.m2\repository\io\cucumber\messages\22.0.0\messages-22.0.0.jar;C:\Users\johnm\.m2\repository\io\cucumber\tag-expressions\5.0.6\tag-expressions-5.0.6.jar;C:\Users\johnm\.m2\repository\io\cucumber\cucumber-expressions\16.1.2\cucumber-expressions-16.1.2.jar;C:\Users\johnm\.m2\repository\io\cucumber\datatable\7.14.0\datatable-7.14.0.jar;C:\Users\johnm\.m2\repository\io\cucumber\cucumber-plugin\7.14.0\cucumber-plugin-7.14.0.jar;C:\Users\johnm\.m2\repository\io\cucumber\docstring\7.14.0\docstring-7.14.0.jar;C:\Users\johnm\.m2\repository\io\cucumber\html-formatter\20.4.0\html-formatter-20.4.0.jar;C:\Users\johnm\.m2\repository\io\cucumber\junit-xml-formatter\0.2.0\junit-xml-formatter-0.2.0.jar;C:\Users\johnm\.m2\repository\io\cucumber\ci-environment\9.2.0\ci-environment-9.2.0.jar;C:\Users\johnm\.m2\repository\org\apiguardian\apiguardian-api\1.1.2\apiguardian-api-1.1.2.jar;C:\Users\johnm\.m2\repository\io\cucumber\cucumber-testng\7.14.0\cucumber-testng-7.14.0.jar;C:\Users\johnm\.m2\repository\org\testng\testng\7.8.0\testng-7.8.0.jar;C:\Users\johnm\.m2\repository\org\slf4j\slf4j-api\1.7.36\slf4j-api-1.7.36.jar;C:\Users\johnm\.m2\repository\com\beust\jcommander\1.82\jcommander-1.82.jar;C:\Users\johnm\.m2\repository\org\webjars\jquery\3.6.1\jquery-3.6.1.jar;C:\Users\johnm\.m2\repository\com\aventstack\extentreports\5.1.1\extentreports-5.1.1.jar;C:\Users\johnm\.m2\repository\io\reactivex\rxjava3\rxjava\3.1.6\rxjava-3.1.6.jar;C:\Users\johnm\.m2\repository\org\reactivestreams\reactive-streams\1.0.4\reactive-streams-1.0.4.jar;C:\Users\johnm\.m2\repository\org\freemarker\freemarker\2.3.32\freemarker-2.3.32.jar;C:\Users\johnm\.m2\repository\org\projectlombok\lombok\1.18.26\lombok-1.18.26.jar;C:\Users\johnm\.m2\repository\com\google\code\gson\gson\2.10.1\gson-2.10.1.jar;C:\Users\johnm\.m2\repository\tech\grasshopper\extentreports-cucumber7-adapter\1.14.0\extentreports-cucumber7-adapter-1.14.0.jar;C:\Users\johnm\.m2\repository\tech\grasshopper\extent-pdf-report\2.12.0\extent-pdf-report-2.12.0.jar;C:\Users\johnm\.m2\repository\tech\grasshopper\cucumber-pdf-report\2.14.0\cucumber-pdf-report-2.14.0.jar;C:\Users\johnm\.m2\repository\org\apache\pdfbox\pdfbox\2.0.26\pdfbox-2.0.26.jar;C:\Users\johnm\.m2\repository\org\apache\pdfbox\fontbox\2.0.26\fontbox-2.0.26.jar;C:\Users\johnm\.m2\repository\org\knowm\xchart\xchart\3.8.0\xchart-3.8.0.jar;C:\Users\johnm\.m2\repository\de\erichseifert\vectorgraphics2d\VectorGraphics2D\0.13\VectorGraphics2D-0.13.jar;C:\Users\johnm\.m2\repository\de\rototor\pdfbox\graphics2d\0.30\graphics2d-0.30.jar;C:\Users\johnm\.m2\repository\com\madgag\animated-gif-lib\1.4\animated-gif-lib-1.4.jar;C:\Users\johnm\.m2\repository\org\yaml\snakeyaml\2.0\snakeyaml-2.0.jar;C:\Users\johnm\.m2\repository\tech\grasshopper\table-layout\1.5.1\table-layout-1.5.1.jar;C:\Users\johnm\.m2\repository\tech\grasshopper\rest-assured-cucumber-pdf-report\1.5.0\rest-assured-cucumber-pdf-report-1.5.0.jar;C:\Users\johnm\.m2\repository\org\jsoup\jsoup\1.15.3\jsoup-1.15.3.jar;C:\Users\johnm\.m2\repository\com\aventstack\klov-reporter\5.1.0\klov-reporter-5.1.0.jar;C:\Users\johnm\.m2\repository\org\mongodb\mongodb-driver\3.6.4\mongodb-driver-3.6.4.jar;C:\Users\johnm\.m2\repository\org\mongodb\mongodb-driver-core\3.6.4\mongodb-driver-core-3.6.4.jar;C:\Users\johnm\.m2\repository\org\mongodb\bson\3.6.4\bson-3.6.4.jar;C:\Users\johnm\.m2\repository\org\apache\httpcomponents\httpclient\4.5.13\httpclient-4.5.13.jar;C:\Users\johnm\.m2\repository\org\apache\httpcomponents\httpcore\4.4.13\httpcore-4.4.13.jar;C:\Users\johnm\.m2\repository\commons-logging\commons-logging\1.2\commons-logging-1.2.jar;C:\Users\johnm\.m2\repository\commons-codec\commons-codec\1.11\commons-codec-1.11.jar;C:\Users\johnm\.m2\repository\org\apache\httpcomponents\httpmime\4.5.13\httpmime-4.5.13.jar;C:\Users\johnm\.m2\repository\tech\grasshopper\htmlextentreporter\1.1.0\htmlextentreporter-1.1.0.jar;C:\Users\johnm\.m2\repository\tech\grasshopper\extent-excel-report\1.4.0\extent-excel-report-1.4.0.jar;C:\Users\johnm\.m2\repository\org\apache\poi\poi\5.2.3\poi-5.2.3.jar;C:\Users\johnm\.m2\repository\org\apache\commons\commons-collections4\4.4\commons-collections4-4.4.jar;C:\Users\johnm\.m2\repository\org\apache\commons\commons-math3\3.6.1\commons-math3-3.6.1.jar;C:\Users\johnm\.m2\repository\com\zaxxer\SparseBitSet\1.2\SparseBitSet-1.2.jar;C:\Users\johnm\.m2\repository\org\apache\logging\log4j\log4j-api\2.18.0\log4j-api-2.18.0.jar;C:\Users\johnm\.m2\repository\org\apache\poi\poi-ooxml\5.2.3\poi-ooxml-5.2.3.jar;C:\Users\johnm\.m2\repository\org\apache\poi\poi-ooxml-lite\5.2.3\poi-ooxml-lite-5.2.3.jar;C:\Users\johnm\.m2\repository\org\apache\xmlbeans\xmlbeans\5.1.1\xmlbeans-5.1.1.jar;C:\Users\johnm\.m2\repository\org\apache\commons\commons-compress\1.21\commons-compress-1.21.jar;C:\Users\johnm\.m2\repository\com\github\virtuald\curvesapi\1.07\curvesapi-1.07.jar;C:\Users\johnm\.m2\repository\io\cucumber\cucumber-picocontainer\7.14.0\cucumber-picocontainer-7.14.0.jar;C:\Users\johnm\.m2\repository\org\picocontainer\picocontainer\2.15\picocontainer-2.15.jar;C:\Users\johnm\.m2\repository\commons-io\commons-io\2.6\commons-io-2.6.jar;"/>
    <property name="sun.cpu.endian" value="little"/>
    <property name="user.home" value="C:\Users\johnm"/>
    <property name="user.language" value="en"/>
    <property name="java.specification.vendor" value="Oracle Corporation"/>
    <property name="java.version.date" value="2023-08-24"/>
    <property name="java.home" value="C:\Users\johnm\.p2\pool\plugins\org.eclipse.justj.openjdk.hotspot.jre.full.win32.x86_64_17.0.8.v20230831-1047\jre"/>
    <property name="file.separator" value="\"/>
    <property name="style.color" value="always"/>
    <property name="basedir" value="C:\Users\johnm\git\repository\CucumberMavenTestNG"/>
    <property name="java.vm.compressedOopsMode" value="Zero based"/>
    <property name="line.separator" value="&#10;"/>
    <property name="java.vm.specification.vendor" value="Oracle Corporation"/>
    <property name="java.specification.name" value="Java Platform API Specification"/>
    <property name="surefire.real.class.path" value="C:\Users\johnm\AppData\Local\Temp\surefire10712707849181074316\surefirebooter-20231103142236335_3.jar"/>
    <property name="user.script" value=""/>
    <property name="sun.management.compiler" value="HotSpot 64-Bit Tiered Compilers"/>
    <property name="java.runtime.version" value="17.0.8.1+1"/>
    <property name="user.name" value="johnm"/>
    <property name="path.separator" value=";"/>
    <property name="os.version" value="10.0"/>
    <property name="java.runtime.name" value="OpenJDK Runtime Environment"/>
    <property name="file.encoding" value="Cp1252"/>
    <property name="java.vm.name" value="OpenJDK 64-Bit Server VM"/>
    <property name="java.vendor.version" value="Temurin-17.0.8.1+1"/>
    <property name="localRepository" value="C:\Users\johnm\.m2\repository"/>
    <property name="java.vendor.url.bug" value="https://github.com/adoptium/adoptium-support/issues"/>
    <property name="java.io.tmpdir" value="C:\Users\johnm\AppData\Local\Temp\"/>
    <property name="java.version" value="17.0.8.1"/>
    <property name="user.dir" value="C:\Users\johnm\git\repository\CucumberMavenTestNG"/>
    <property name="os.arch" value="amd64"/>
    <property name="java.vm.specification.name" value="Java Virtual Machine Specification"/>
    <property name="sun.os.patch.level" value=""/>
    <property name="native.encoding" value="Cp1252"/>
    <property name="java.library.path" value="C:\Users\johnm\.p2\pool\plugins\org.eclipse.justj.openjdk.hotspot.jre.full.win32.x86_64_17.0.8.v20230831-1047\jre\bin;C:\WINDOWS\Sun\Java\bin;C:\WINDOWS\system32;C:\WINDOWS;C:/Users/johnm/.p2/pool/plugins/org.eclipse.justj.openjdk.hotspot.jre.full.win32.x86_64_17.0.8.v20230831-1047/jre/bin/server;C:/Users/johnm/.p2/pool/plugins/org.eclipse.justj.openjdk.hotspot.jre.full.win32.x86_64_17.0.8.v20230831-1047/jre/bin;C:\Program Files\Java\jdk-11\bin;D:\apache-maven-3.8.8-bin\apache-maven-3.8.8\bin;C:\Program Files\Java\jdk-11\bin;D:\apache-maven-3.8.8-bin\apache-maven-3.8.8\bin;D:\eclipse\java-2023-09\eclipse;;."/>
    <property name="java.vm.info" value="mixed mode"/>
    <property name="java.vendor" value="Eclipse Adoptium"/>
    <property name="java.vm.version" value="17.0.8.1+1"/>
    <property name="sun.io.unicode.encoding" value="UnicodeLittle"/>
    <property name="java.class.version" value="61.0"/>
  </properties>
  <testcase name="runScenario[&quot;Unsuccessful submission of info and message&quot;, &quot;Contact page functionality for Jupiter Toys website&quot;](1)" classname="runner.TestRunner" time="8.129">
    <system-out><![CDATA[
Scenario: Successful submission of info and message       # src/test/resources/features/contact.feature:28

Scenario: Successful submission of info and message       # src/test/resources/features/contact.feature:30

Scenario: Successful submission of info and message       # src/test/resources/features/contact.feature:31

Scenario: Successfully added to cart and validate price                         # src/test/resources/features/Shop.feature:7

Scenario Outline: Unsuccessful submission of info and message                                                                                                                                                            # src/test/resources/features/contact.feature:17

Scenario Outline: Unsuccessful submission of info and message                                                                                                                                                                     # src/test/resources/features/contact.feature:18

Scenario: Successful submission of info and message       # src/test/resources/features/contact.feature:32

Scenario: Successful submission of info and message       # src/test/resources/features/contact.feature:29
  Given I am on the Jupiter Toys contact page             # StepDef.ContactPageStepDef.i_am_on_the_jupiter_toys_contact_page()
  Given I am on the Jupiter Toys contact page             # StepDef.ContactPageStepDef.i_am_on_the_jupiter_toys_contact_page()
  Given I am on the Jupiter Toys contact page             # StepDef.ContactPageStepDef.i_am_on_the_jupiter_toys_contact_page()
  Given I am on the Jupiter Toys contact page             # StepDef.ContactPageStepDef.i_am_on_the_jupiter_toys_contact_page()
  Given I am on the Jupiter Toys contact page                                                                                                                                                                            # StepDef.ContactPageStepDef.i_am_on_the_jupiter_toys_contact_page()
  Given I am on the Jupiter Toys contact page                                                                                                                                                                                     # StepDef.ContactPageStepDef.i_am_on_the_jupiter_toys_contact_page()
  Given I am on the Shop page                                                   # StepDef.ShopAndCartStepDef.i_am_on_the_shop_page()
  Given I am on the Jupiter Toys contact page             # StepDef.ContactPageStepDef.i_am_on_the_jupiter_toys_contact_page()

    Embedding image [image/png 46518 bytes]


    Embedding image [image/png 46518 bytes]


    Embedding image [image/png 46518 bytes]


    Embedding image [image/png 46518 bytes]


    Embedding image [image/png 46518 bytes]


    Embedding image [image/png 46518 bytes]


    Embedding image [image/png 46518 bytes]


    Embedding image [image/png 282973 bytes]

Already have the price for item Stuffed Frog
  When I take note of the price and buy 2 "Stuffed Frog"                        # StepDef.ShopAndCartStepDef.i_take_note_of_the_price_and_buy(java.lang.Integer,java.lang.String)

    Embedding image [image/png 284153 bytes]

  Given I have entered valid information and message      # StepDef.ContactPageStepDef.i_have_entered_valid_information_and_message()
  Given I have entered invalid "", "", ""                                                                                                                                                                                # StepDef.ContactPageStepDef.i_have_entered_invalid(java.lang.String,java.lang.String,java.lang.String)
  Given I have entered invalid "", "test", ""                                                                                                                                                                                     # StepDef.ContactPageStepDef.i_have_entered_invalid(java.lang.String,java.lang.String,java.lang.String)
  Given I have entered valid information and message      # StepDef.ContactPageStepDef.i_have_entered_valid_information_and_message()

    Embedding image [image/png 50083 bytes]


    Embedding image [image/png 51203 bytes]


    Embedding image [image/png 51957 bytes]

  Given I have entered valid information and message      # StepDef.ContactPageStepDef.i_have_entered_valid_information_and_message()
  Given I have entered valid information and message      # StepDef.ContactPageStepDef.i_have_entered_valid_information_and_message()

    Embedding image [image/png 49636 bytes]

  When I click Submit button                              # StepDef.ContactPageStepDef.i_click_submit_button()
  Given I have entered valid information and message      # StepDef.ContactPageStepDef.i_have_entered_valid_information_and_message()
  When I click Submit button                                                                                                                                                                                                      # StepDef.ContactPageStepDef.i_click_submit_button()

    Embedding image [image/png 49611 bytes]


    Embedding image [image/png 49318 bytes]

  When I click Submit button                                                                                                                                                                                             # StepDef.ContactPageStepDef.i_click_submit_button()
  When I click Submit button                              # StepDef.ContactPageStepDef.i_click_submit_button()

    Embedding image [image/png 49190 bytes]


    Embedding image [image/png 48244 bytes]

  When I click Submit button                              # StepDef.ContactPageStepDef.i_click_submit_button()

    Embedding image [image/png 52621 bytes]

  When I click Submit button                              # StepDef.ContactPageStepDef.i_click_submit_button()
  When I click Submit button                              # StepDef.ContactPageStepDef.i_click_submit_button()
Already have the price for item Fluffy Bunny
  And I take note of the price and buy 5 "Fluffy Bunny"                         # StepDef.ShopAndCartStepDef.i_take_note_of_the_price_and_buy(java.lang.Integer,java.lang.String)

    Embedding image [image/png 48302 bytes]

  Then I should see the following error messages indicating "We welcome your feedback - but we won't get it unless you complete the form correctly.", "Forename is required", "Please enter a valid email", "Message is required" # StepDef.ContactPageStepDef.i_should_see_the_following_error_messages_indicating(java.lang.String,java.lang.String,java.lang.String,java.lang.String)

    Embedding image [image/png 48299 bytes]


    Embedding image [image/png 48301 bytes]


    Embedding image [image/png 283630 bytes]


    Embedding image [image/png 48241 bytes]


    Embedding image [image/png 52652 bytes]

Already have the price for item Valentine Bear
  And I take note of the price and buy 3 "Valentine Bear"                       # StepDef.ShopAndCartStepDef.i_take_note_of_the_price_and_buy(java.lang.Integer,java.lang.String)

    Embedding image [image/png 55568 bytes]

]]></system-out>
    <system-err><![CDATA[SLF4J: Failed to load class "org.slf4j.impl.StaticLoggerBinder".
SLF4J: Defaulting to no-operation (NOP) logger implementation
SLF4J: See http://www.slf4j.org/codes.html#StaticLoggerBinder for further details.
ERROR StatusLogger Log4j2 could not find a logging implementation. Please add log4j-core to the classpath. Using SimpleLogger to log to the console...
Nov 03, 2023 2:22:40 PM org.openqa.selenium.devtools.CdpVersionFinder findNearestMatch
WARNING: Unable to find an exact match for CDP version 119, so returning the closest version found: 116
Nov 03, 2023 2:22:40 PM org.openqa.selenium.devtools.CdpVersionFinder findNearestMatch
WARNING: Unable to find an exact match for CDP version 119, so returning the closest version found: 116
Nov 03, 2023 2:22:40 PM org.openqa.selenium.devtools.CdpVersionFinder findNearestMatch
WARNING: Unable to find an exact match for CDP version 119, so returning the closest version found: 116
Nov 03, 2023 2:22:40 PM org.openqa.selenium.devtools.CdpVersionFinder findNearestMatch
WARNING: Unable to find an exact match for CDP version 119, so returning the closest version found: 116
Nov 03, 2023 2:22:40 PM org.openqa.selenium.devtools.CdpVersionFinder findNearestMatch
WARNING: Unable to find an exact match for CDP version 119, so returning the closest version found: 116
Nov 03, 2023 2:22:40 PM org.openqa.selenium.devtools.CdpVersionFinder findNearestMatch
WARNING: Unable to find an exact match for CDP version 119, so returning the closest version found: 116
Nov 03, 2023 2:22:40 PM org.openqa.selenium.devtools.CdpVersionFinder findNearestMatch
WARNING: Unable to find an exact match for CDP version 119, so returning the closest version found: 116
Nov 03, 2023 2:22:40 PM org.openqa.selenium.devtools.CdpVersionFinder findNearestMatch
WARNING: Unable to find an exact match for CDP version 119, so returning the closest version found: 116
]]></system-err>
  </testcase>
  <testcase name="runScenario[&quot;Unsuccessful submission of info and message&quot;, &quot;Contact page functionality for Jupiter Toys website&quot;](2)" classname="runner.TestRunner" time="8.698">
    <system-out><![CDATA[
    Embedding image [image/png 283598 bytes]

  Then I should see the following error messages indicating "We welcome your feedback - but we won't get it unless you complete the form correctly.", "Forename is required", "Email is required", "Message is required" # StepDef.ContactPageStepDef.i_should_see_the_following_error_messages_indicating(java.lang.String,java.lang.String,java.lang.String,java.lang.String)

    Embedding image [image/png 55568 bytes]

]]></system-out>
  </testcase>
  <testcase name="runScenario[&quot;Successfully added to cart and validate price&quot;, &quot;Shop page and Cart functionality for Jupiter Toys website&quot;](3)" classname="runner.TestRunner" time="9.397">
    <system-out><![CDATA[item subtotal: 21.98 actual item subtotal: 21.98 Added total:21.98
item subtotal: 49.95 actual item subtotal: 49.95 Added total:71.93
item subtotal: 44.97 actual item subtotal: 44.97 Added total:116.9
116.9 116.9
  Then I should be able to verify if the price and total is correct in the cart # StepDef.ShopAndCartStepDef.i_should_be_able_to_verify_if_the_price_and_total_is_correct_in_the_cart()

    Embedding image [image/png 51939 bytes]

  Then I should be able to send the feedback successfully # StepDef.ContactPageStepDef.i_should_be_able_to_send_the_feedback_successfully()
]]></system-out>
  </testcase>
  <testcase name="runScenario[&quot;Successful submission of info and message&quot;, &quot;Contact page functionality for Jupiter Toys website&quot;](4)" classname="runner.TestRunner" time="9.693">
    <system-out><![CDATA[
    Embedding image [image/png 26443 bytes]

]]></system-out>
  </testcase>
  <testcase name="runScenario[&quot;Successful submission of info and message&quot;, &quot;Contact page functionality for Jupiter Toys website&quot;](5)" classname="runner.TestRunner" time="10.685">
    <system-out><![CDATA[  Then I should be able to send the feedback successfully # StepDef.ContactPageStepDef.i_should_be_able_to_send_the_feedback_successfully()

    Embedding image [image/png 26443 bytes]

]]></system-out>
  </testcase>
  <testcase name="runScenario[&quot;Successful submission of info and message&quot;, &quot;Contact page functionality for Jupiter Toys website&quot;](6)" classname="runner.TestRunner" time="13.442">
    <system-out><![CDATA[  Then I should be able to send the feedback successfully # StepDef.ContactPageStepDef.i_should_be_able_to_send_the_feedback_successfully()

    Embedding image [image/png 26443 bytes]

]]></system-out>
  </testcase>
  <testcase name="runScenario[&quot;Successful submission of info and message&quot;, &quot;Contact page functionality for Jupiter Toys website&quot;](7)" classname="runner.TestRunner" time="14.078">
    <system-out><![CDATA[  Then I should be able to send the feedback successfully # StepDef.ContactPageStepDef.i_should_be_able_to_send_the_feedback_successfully()

    Embedding image [image/png 26443 bytes]

]]></system-out>
  </testcase>
  <testcase name="runScenario[&quot;Successful submission of info and message&quot;, &quot;Contact page functionality for Jupiter Toys website&quot;](8)" classname="runner.TestRunner" time="16.323">
    <system-out><![CDATA[  Then I should be able to send the feedback successfully # StepDef.ContactPageStepDef.i_should_be_able_to_send_the_feedback_successfully()

    Embedding image [image/png 26443 bytes]

]]></system-out>
  </testcase>
</testsuite>